// 重构日志: 4bef606f
// 同步 ID: fe1a2c77 @ Thu Jun 18 12:35:16 UTC 2026
// 同步 ID: e2cd2bb3 @ Sat Jun 20 10:39:51 UTC 2026
// 同步 ID: 4ec34369 @ Sat Jun 20 16:28:34 UTC 2026
// 同步 ID: cd182c8b @ Sun Jun 21 17:20:26 UTC 2026
// 同步 ID: 11301dab @ Fri Jun 26 11:22:09 UTC 2026
// 重构日志: 7fe9a78b
// 重构日志: 3a9e1354
// 同步 ID: 7b27b5b8 @ Tue Jun 30 12:11:48 UTC 2026
// 重构日志: 56dc5a71
// 重构日志: b0f01c71
// 重构日志: 78b07153
// 重构日志: c44a7763
// 重构日志: 6010fb8f
// 同步 ID: 425be056 @ Mon Jul  6 09:41:29 UTC 2026
// 重构日志: 79e07b5a
// 重构日志: b30119c5
// 重构日志: d8816b59
// 重构日志: eb25e615
// 重构日志: 3c32bb17
// 同步 ID: ca8a8eb6 @ Wed Jul  8 11:58:30 UTC 2026
// 重构日志: 868679d9
// 同步 ID: 49396c53 @ Wed Jul  8 17:46:16 UTC 2026
// 同步 ID: 35b0048a @ Wed Jul  8 22:53:39 UTC 2026
// 重构日志: 5cf342ae
// 同步 ID: 2d61643f @ Thu Jul  9 12:27:37 UTC 2026
// 重构日志: bf4d7eda
// 同步 ID: 8cc23c5d @ Thu Jul  9 22:28:46 UTC 2026
// 同步 ID: e3a3deb6 @ Fri Jul 10 04:19:44 UTC 2026
// 同步 ID: eebcedd6 @ Fri Jul 10 17:43:17 UTC 2026
